<?xml version="1.0" encoding="UTF-8"?>
<coverage generated="1548038651165" clover="3.2.0">
  <project timestamp="1548038651165" name="All files">
    <metrics statements="37" coveredstatements="33" conditionals="32" coveredconditionals="28" methods="7" coveredmethods="7" elements="76" coveredelements="68" complexity="0" loc="37" ncloc="37" packages="2" files="2" classes="2">
      <package name="src">
        <metrics statements="35" coveredstatements="31" conditionals="32" coveredconditionals="28" methods="7" coveredmethods="7"/>
        <file name="data.js" path="/Users/johanna/Documents/Laboratoria/Proyecto nivelacion /scl-2018-12-bc-core-data-lovers/src/data.js">
          <metrics statements="35" coveredstatements="31" conditionals="32" coveredconditionals="28" methods="7" coveredmethods="7"/>
          <line num="1" count="1" type="stmt"/>
          <line num="4" count="2" type="stmt"/>
          <line num="5" count="2" type="stmt"/>
          <line num="6" count="302" type="stmt"/>
          <line num="9" count="2" type="stmt"/>
          <line num="13" count="4" type="stmt"/>
          <line num="17" count="4" type="cond" truecount="4" falsecount="0"/>
          <line num="18" count="1" type="stmt"/>
          <line num="19" count="1028" type="cond" truecount="2" falsecount="0"/>
          <line num="20" count="491" type="stmt"/>
          <line num="22" count="537" type="cond" truecount="1" falsecount="1"/>
          <line num="23" count="537" type="stmt"/>
          <line num="25" count="0" type="stmt"/>
          <line num="29" count="4" type="cond" truecount="4" falsecount="0"/>
          <line num="30" count="1" type="stmt"/>
          <line num="31" count="1018" type="cond" truecount="2" falsecount="0"/>
          <line num="32" count="485" type="stmt"/>
          <line num="34" count="533" type="cond" truecount="1" falsecount="1"/>
          <line num="35" count="533" type="stmt"/>
          <line num="37" count="0" type="stmt"/>
          <line num="42" count="4" type="cond" truecount="4" falsecount="0"/>
          <line num="43" count="1" type="stmt"/>
          <line num="44" count="962" type="cond" truecount="2" falsecount="0"/>
          <line num="45" count="471" type="stmt"/>
          <line num="47" count="491" type="cond" truecount="1" falsecount="1"/>
          <line num="48" count="491" type="stmt"/>
          <line num="50" count="0" type="stmt"/>
          <line num="54" count="4" type="cond" truecount="4" falsecount="0"/>
          <line num="55" count="1" type="stmt"/>
          <line num="56" count="1018" type="cond" truecount="2" falsecount="0"/>
          <line num="57" count="485" type="stmt"/>
          <line num="59" count="533" type="cond" truecount="1" falsecount="1"/>
          <line num="60" count="533" type="stmt"/>
          <line num="62" count="0" type="stmt"/>
          <line num="67" count="4" type="stmt"/>
        </file>
      </package>
      <package name="src.data.pokemon">
        <metrics statements="2" coveredstatements="2" conditionals="0" coveredconditionals="0" methods="0" coveredmethods="0"/>
        <file name="pokemon.js" path="/Users/johanna/Documents/Laboratoria/Proyecto nivelacion /scl-2018-12-bc-core-data-lovers/src/data/pokemon/pokemon.js">
          <metrics statements="2" coveredstatements="2" conditionals="0" coveredconditionals="0" methods="0" coveredmethods="0"/>
          <line num="1" count="1" type="stmt"/>
          <line num="4088" count="1" type="stmt"/>
        </file>
      </package>
    </metrics>
  </project>
</coverage>
