{"/Users/johanna/Documents/Laboratoria/Proyecto nivelacion /scl-2018-12-bc-core-data-lovers/src/data.js": {"path":"/Users/johanna/Documents/Laboratoria/Proyecto nivelacion /scl-2018-12-bc-core-data-lovers/src/data.js","statementMap":{"0":{"start":{"line":1,"column":0},"end":{"line":70,"column":1}},"1":{"start":{"line":4,"column":22},"end":{"line":4,"column":26}},"2":{"start":{"line":5,"column":21},"end":{"line":8,"column":4}},"3":{"start":{"line":6,"column":2},"end":{"line":6,"column":46}},"4":{"start":{"line":9,"column":2},"end":{"line":9,"column":20}},"5":{"start":{"line":13,"column":20},"end":{"line":13,"column":24}},"6":{"start":{"line":17,"column":2},"end":{"line":27,"column":3}},"7":{"start":{"line":18,"column":4},"end":{"line":26,"column":7}},"8":{"start":{"line":19,"column":6},"end":{"line":21,"column":7}},"9":{"start":{"line":20,"column":8},"end":{"line":20,"column":18}},"10":{"start":{"line":22,"column":6},"end":{"line":24,"column":7}},"11":{"start":{"line":23,"column":7},"end":{"line":23,"column":16}},"12":{"start":{"line":25,"column":6},"end":{"line":25,"column":15}},"13":{"start":{"line":29,"column":2},"end":{"line":40,"column":1}},"14":{"start":{"line":30,"column":4},"end":{"line":38,"column":5}},"15":{"start":{"line":31,"column":5},"end":{"line":33,"column":3}},"16":{"start":{"line":32,"column":6},"end":{"line":32,"column":16}},"17":{"start":{"line":34,"column":5},"end":{"line":36,"column":3}},"18":{"start":{"line":35,"column":7},"end":{"line":35,"column":16}},"19":{"start":{"line":37,"column":6},"end":{"line":37,"column":15}},"20":{"start":{"line":42,"column":0},"end":{"line":52,"column":1}},"21":{"start":{"line":43,"column":2},"end":{"line":51,"column":5}},"22":{"start":{"line":44,"column":4},"end":{"line":46,"column":5}},"23":{"start":{"line":45,"column":6},"end":{"line":45,"column":16}},"24":{"start":{"line":47,"column":4},"end":{"line":49,"column":5}},"25":{"start":{"line":48,"column":5},"end":{"line":48,"column":14}},"26":{"start":{"line":50,"column":4},"end":{"line":50,"column":13}},"27":{"start":{"line":54,"column":0},"end":{"line":65,"column":1}},"28":{"start":{"line":55,"column":2},"end":{"line":63,"column":3}},"29":{"start":{"line":56,"column":3},"end":{"line":58,"column":1}},"30":{"start":{"line":57,"column":4},"end":{"line":57,"column":14}},"31":{"start":{"line":59,"column":3},"end":{"line":61,"column":1}},"32":{"start":{"line":60,"column":5},"end":{"line":60,"column":14}},"33":{"start":{"line":62,"column":4},"end":{"line":62,"column":13}},"34":{"start":{"line":67,"column":0},"end":{"line":67,"column":19}}},"fnMap":{"0":{"name":"(anonymous_0)","decl":{"start":{"line":3,"column":11},"end":{"line":3,"column":12}},"loc":{"start":{"line":3,"column":31},"end":{"line":10,"column":1}},"line":3},"1":{"name":"(anonymous_1)","decl":{"start":{"line":5,"column":40},"end":{"line":5,"column":41}},"loc":{"start":{"line":5,"column":49},"end":{"line":8,"column":3}},"line":5},"2":{"name":"(anonymous_2)","decl":{"start":{"line":12,"column":9},"end":{"line":12,"column":10}},"loc":{"start":{"line":12,"column":36},"end":{"line":68,"column":1}},"line":12},"3":{"name":"(anonymous_3)","decl":{"start":{"line":18,"column":21},"end":{"line":18,"column":22}},"loc":{"start":{"line":18,"column":30},"end":{"line":26,"column":5}},"line":18},"4":{"name":"(anonymous_4)","decl":{"start":{"line":30,"column":21},"end":{"line":30,"column":22}},"loc":{"start":{"line":30,"column":28},"end":{"line":38,"column":3}},"line":30},"5":{"name":"(anonymous_5)","decl":{"start":{"line":43,"column":19},"end":{"line":43,"column":20}},"loc":{"start":{"line":43,"column":28},"end":{"line":51,"column":3}},"line":43},"6":{"name":"(anonymous_6)","decl":{"start":{"line":55,"column":19},"end":{"line":55,"column":20}},"loc":{"start":{"line":55,"column":26},"end":{"line":63,"column":1}},"line":55}},"branchMap":{"0":{"loc":{"start":{"line":17,"column":2},"end":{"line":27,"column":3}},"type":"if","locations":[{"start":{"line":17,"column":2},"end":{"line":27,"column":3}},{"start":{"line":17,"column":2},"end":{"line":27,"column":3}}],"line":17},"1":{"loc":{"start":{"line":17,"column":5},"end":{"line":17,"column":45}},"type":"binary-expr","locations":[{"start":{"line":17,"column":5},"end":{"line":17,"column":22}},{"start":{"line":17,"column":26},"end":{"line":17,"column":45}}],"line":17},"2":{"loc":{"start":{"line":19,"column":6},"end":{"line":21,"column":7}},"type":"if","locations":[{"start":{"line":19,"column":6},"end":{"line":21,"column":7}},{"start":{"line":19,"column":6},"end":{"line":21,"column":7}}],"line":19},"3":{"loc":{"start":{"line":22,"column":6},"end":{"line":24,"column":7}},"type":"if","locations":[{"start":{"line":22,"column":6},"end":{"line":24,"column":7}},{"start":{"line":22,"column":6},"end":{"line":24,"column":7}}],"line":22},"4":{"loc":{"start":{"line":29,"column":2},"end":{"line":40,"column":1}},"type":"if","locations":[{"start":{"line":29,"column":2},"end":{"line":40,"column":1}},{"start":{"line":29,"column":2},"end":{"line":40,"column":1}}],"line":29},"5":{"loc":{"start":{"line":29,"column":5},"end":{"line":29,"column":43}},"type":"binary-expr","locations":[{"start":{"line":29,"column":5},"end":{"line":29,"column":20}},{"start":{"line":29,"column":24},"end":{"line":29,"column":43}}],"line":29},"6":{"loc":{"start":{"line":31,"column":5},"end":{"line":33,"column":3}},"type":"if","locations":[{"start":{"line":31,"column":5},"end":{"line":33,"column":3}},{"start":{"line":31,"column":5},"end":{"line":33,"column":3}}],"line":31},"7":{"loc":{"start":{"line":34,"column":5},"end":{"line":36,"column":3}},"type":"if","locations":[{"start":{"line":34,"column":5},"end":{"line":36,"column":3}},{"start":{"line":34,"column":5},"end":{"line":36,"column":3}}],"line":34},"8":{"loc":{"start":{"line":42,"column":0},"end":{"line":52,"column":1}},"type":"if","locations":[{"start":{"line":42,"column":0},"end":{"line":52,"column":1}},{"start":{"line":42,"column":0},"end":{"line":52,"column":1}}],"line":42},"9":{"loc":{"start":{"line":42,"column":3},"end":{"line":42,"column":44}},"type":"binary-expr","locations":[{"start":{"line":42,"column":3},"end":{"line":42,"column":19}},{"start":{"line":42,"column":23},"end":{"line":42,"column":44}}],"line":42},"10":{"loc":{"start":{"line":44,"column":4},"end":{"line":46,"column":5}},"type":"if","locations":[{"start":{"line":44,"column":4},"end":{"line":46,"column":5}},{"start":{"line":44,"column":4},"end":{"line":46,"column":5}}],"line":44},"11":{"loc":{"start":{"line":47,"column":4},"end":{"line":49,"column":5}},"type":"if","locations":[{"start":{"line":47,"column":4},"end":{"line":49,"column":5}},{"start":{"line":47,"column":4},"end":{"line":49,"column":5}}],"line":47},"12":{"loc":{"start":{"line":54,"column":0},"end":{"line":65,"column":1}},"type":"if","locations":[{"start":{"line":54,"column":0},"end":{"line":65,"column":1}},{"start":{"line":54,"column":0},"end":{"line":65,"column":1}}],"line":54},"13":{"loc":{"start":{"line":54,"column":3},"end":{"line":54,"column":42}},"type":"binary-expr","locations":[{"start":{"line":54,"column":3},"end":{"line":54,"column":17}},{"start":{"line":54,"column":21},"end":{"line":54,"column":42}}],"line":54},"14":{"loc":{"start":{"line":56,"column":3},"end":{"line":58,"column":1}},"type":"if","locations":[{"start":{"line":56,"column":3},"end":{"line":58,"column":1}},{"start":{"line":56,"column":3},"end":{"line":58,"column":1}}],"line":56},"15":{"loc":{"start":{"line":59,"column":3},"end":{"line":61,"column":1}},"type":"if","locations":[{"start":{"line":59,"column":3},"end":{"line":61,"column":1}},{"start":{"line":59,"column":3},"end":{"line":61,"column":1}}],"line":59}},"s":{"0":1,"1":2,"2":2,"3":302,"4":2,"5":4,"6":4,"7":1,"8":1028,"9":491,"10":537,"11":537,"12":0,"13":4,"14":1,"15":1018,"16":485,"17":533,"18":533,"19":0,"20":4,"21":1,"22":962,"23":471,"24":491,"25":491,"26":0,"27":4,"28":1,"29":1018,"30":485,"31":533,"32":533,"33":0,"34":4},"f":{"0":2,"1":302,"2":4,"3":1028,"4":1018,"5":962,"6":1018},"b":{"0":[1,3],"1":[4,2],"2":[491,537],"3":[537,0],"4":[1,3],"5":[4,2],"6":[485,533],"7":[533,0],"8":[1,3],"9":[4,2],"10":[471,491],"11":[491,0],"12":[1,3],"13":[4,2],"14":[485,533],"15":[533,0]},"_coverageSchema":"332fd63041d2c1bcb487cc26dd0d5f7d97098a6c","hash":"28f56c58ca017a2b8a2ad032538426fa810cce79"}
,"/Users/johanna/Documents/Laboratoria/Proyecto nivelacion /scl-2018-12-bc-core-data-lovers/src/data/pokemon/pokemon.js": {"path":"/Users/johanna/Documents/Laboratoria/Proyecto nivelacion /scl-2018-12-bc-core-data-lovers/src/data/pokemon/pokemon.js","statementMap":{"0":{"start":{"line":1,"column":16},"end":{"line":4086,"column":1}},"1":{"start":{"line":4088,"column":0},"end":{"line":4088,"column":31}}},"fnMap":{},"branchMap":{},"s":{"0":1,"1":1},"f":{},"b":{},"_coverageSchema":"332fd63041d2c1bcb487cc26dd0d5f7d97098a6c","hash":"02f52c1450a1f184aa505e1737ffcc3c0c6ac408"}
}
