TN:
SF:/Users/johanna/Documents/Laboratoria/Proyecto nivelacion /scl-2018-12-bc-core-data-lovers/src/data.js
FN:3,(anonymous_0)
FN:5,(anonymous_1)
FN:12,(anonymous_2)
FN:18,(anonymous_3)
FN:30,(anonymous_4)
FN:43,(anonymous_5)
FN:55,(anonymous_6)
FNF:7
FNH:7
FNDA:2,(anonymous_0)
FNDA:302,(anonymous_1)
FNDA:4,(anonymous_2)
FNDA:1028,(anonymous_3)
FNDA:1018,(anonymous_4)
FNDA:962,(anonymous_5)
FNDA:1018,(anonymous_6)
DA:1,1
DA:4,2
DA:5,2
DA:6,302
DA:9,2
DA:13,4
DA:17,4
DA:18,1
DA:19,1028
DA:20,491
DA:22,537
DA:23,537
DA:25,0
DA:29,4
DA:30,1
DA:31,1018
DA:32,485
DA:34,533
DA:35,533
DA:37,0
DA:42,4
DA:43,1
DA:44,962
DA:45,471
DA:47,491
DA:48,491
DA:50,0
DA:54,4
DA:55,1
DA:56,1018
DA:57,485
DA:59,533
DA:60,533
DA:62,0
DA:67,4
LF:35
LH:31
BRDA:17,0,0,1
BRDA:17,0,1,3
BRDA:17,1,0,4
BRDA:17,1,1,2
BRDA:19,2,0,491
BRDA:19,2,1,537
BRDA:22,3,0,537
BRDA:22,3,1,0
BRDA:29,4,0,1
BRDA:29,4,1,3
BRDA:29,5,0,4
BRDA:29,5,1,2
BRDA:31,6,0,485
BRDA:31,6,1,533
BRDA:34,7,0,533
BRDA:34,7,1,0
BRDA:42,8,0,1
BRDA:42,8,1,3
BRDA:42,9,0,4
BRDA:42,9,1,2
BRDA:44,10,0,471
BRDA:44,10,1,491
BRDA:47,11,0,491
BRDA:47,11,1,0
BRDA:54,12,0,1
BRDA:54,12,1,3
BRDA:54,13,0,4
BRDA:54,13,1,2
BRDA:56,14,0,485
BRDA:56,14,1,533
BRDA:59,15,0,533
BRDA:59,15,1,0
BRF:32
BRH:28
end_of_record
TN:
SF:/Users/johanna/Documents/Laboratoria/Proyecto nivelacion /scl-2018-12-bc-core-data-lovers/src/data/pokemon/pokemon.js
FNF:0
FNH:0
DA:1,1
DA:4088,1
LF:2
LH:2
BRF:0
BRH:0
end_of_record
